[    0.000000] Linux version 4.15.0-204-generic (buildd@lcy02-amd64-030) (gcc version 7.5.0 (Ubuntu 7.5.0-3ubuntu1~18.04)) #215-Ubuntu SMP Fri Jan 20 18:24:59 UTC 2023 (Ubuntu 4.15.0-204.215-generic 4.15.18)
[    0.000000] Command line: BOOT_IMAGE=/boot/vmlinuz-4.15.0-204-generic root=LABEL=cloudimg-rootfs ro console=tty1 console=ttyS0
[    0.000000] KERNEL supported cpus:
[    0.000000]   Intel GenuineIntel
[    0.000000]   AMD AuthenticAMD
[    0.000000]   Centaur CentaurHauls
[    0.000000] x86/fpu: Supporting XSAVE feature 0x001: 'x87 floating point registers'
[    0.000000] x86/fpu: Supporting XSAVE feature 0x002: 'SSE registers'
[    0.000000] x86/fpu: Supporting XSAVE feature 0x004: 'AVX registers'
[    0.000000] x86/fpu: xstate_offset[2]:  576, xstate_sizes[2]:  256
[    0.000000] x86/fpu: Enabled xstate features 0x7, context size is 832 bytes, using 'standard' format.
[    0.000000] e820: BIOS-provided physical RAM map:
[    0.000000] BIOS-e820: [mem 0x0000000000000000-0x000000000009fbff] usable
[    0.000000] BIOS-e820: [mem 0x000000000009fc00-0x000000000009ffff] reserved
[    0.000000] BIOS-e820: [mem 0x00000000000f0000-0x00000000000fffff] reserved
[    0.000000] BIOS-e820: [mem 0x0000000000100000-0x00000000dffeffff] usable
[    0.000000] BIOS-e820: [mem 0x00000000dfff0000-0x00000000dfffffff] ACPI data
[    0.000000] BIOS-e820: [mem 0x00000000fec00000-0x00000000fec00fff] reserved
[    0.000000] BIOS-e820: [mem 0x00000000fee00000-0x00000000fee00fff] reserved
[    0.000000] BIOS-e820: [mem 0x00000000fffc0000-0x00000000ffffffff] reserved
[    0.000000] BIOS-e820: [mem 0x0000000100000000-0x000000011fffffff] usable
[    0.000000] NX (Execute Disable) protection: active
[    0.000000] SMBIOS 2.5 present.
[    0.000000] DMI: innotek GmbH VirtualBox/VirtualBox, BIOS VirtualBox 12/01/2006
[    0.000000] Hypervisor detected: KVM
[    0.000000] e820: last_pfn = 0x120000 max_arch_pfn = 0x400000000
[    0.000000] MTRR: Disabled
[    0.000000] x86/PAT: MTRRs disabled, skipping PAT initialization too.
[    0.000000] CPU MTRRs all blank - virtualized system.
[    0.000000] x86/PAT: Configuration [0-7]: WB  WT  UC- UC  WB  WT  UC- UC  
[    0.000000] e820: last_pfn = 0xdfff0 max_arch_pfn = 0x400000000
[    0.000000] found SMP MP-table at [mem 0x0009fff0-0x0009ffff]
[    0.000000] Scanning 1 areas for low memory corruption
[    0.000000] RAMDISK: [mem 0x3580b000-0x36bfcfff]
[    0.000000] ACPI: Early table checksum verification disabled
[    0.000000] ACPI: RSDP 0x00000000000E0000 000024 (v02 VBOX  )
[    0.000000] ACPI: XSDT 0x00000000DFFF0030 00003C (v01 VBOX   VBOXXSDT 00000001 ASL  00000061)
[    0.000000] ACPI: FACP 0x00000000DFFF00F0 0000F4 (v04 VBOX   VBOXFACP 00000001 ASL  00000061)
[    0.000000] ACPI: DSDT 0x00000000DFFF0610 002353 (v02 VBOX   VBOXBIOS 00000002 INTL 20200528)
[    0.000000] ACPI: FACS 0x00000000DFFF0200 000040
[    0.000000] ACPI: FACS 0x00000000DFFF0200 000040
[    0.000000] ACPI: APIC 0x00000000DFFF0240 00005C (v02 VBOX   VBOXAPIC 00000001 ASL  00000061)
[    0.000000] ACPI: SSDT 0x00000000DFFF02A0 00036C (v01 VBOX   VBOXCPUT 00000002 INTL 20200528)
[    0.000000] ACPI: Reserving FACP table memory at [mem 0xdfff00f0-0xdfff01e3]
[    0.000000] ACPI: Reserving DSDT table memory at [mem 0xdfff0610-0xdfff2962]
[    0.000000] ACPI: Reserving FACS table memory at [mem 0xdfff0200-0xdfff023f]
[    0.000000] ACPI: Reserving FACS table memory at [mem 0xdfff0200-0xdfff023f]
[    0.000000] ACPI: Reserving APIC table memory at [mem 0xdfff0240-0xdfff029b]
[    0.000000] ACPI: Reserving SSDT table memory at [mem 0xdfff02a0-0xdfff060b]
[    0.000000] No NUMA configuration found
[    0.000000] Faking a node at [mem 0x0000000000000000-0x000000011fffffff]
[    0.000000] NODE_DATA(0) allocated [mem 0x11ffd5000-0x11fffffff]
[    0.000000] kvm-clock: cpu 0, msr 1:1ff54001, primary cpu clock
[    0.000000] kvm-clock: Using msrs 4b564d01 and 4b564d00
[    0.000000] kvm-clock: using sched offset of 3426928920 cycles
[    0.000000] clocksource: kvm-clock: mask: 0xffffffffffffffff max_cycles: 0x1cd42e4dffb, max_idle_ns: 881590591483 ns
[    0.000000] Zone ranges:
[    0.000000]   DMA      [mem 0x0000000000001000-0x0000000000ffffff]
[    0.000000]   DMA32    [mem 0x0000000001000000-0x00000000ffffffff]
[    0.000000]   Normal   [mem 0x0000000100000000-0x000000011fffffff]
[    0.000000]   Device   empty
[    0.000000] Movable zone start for each node
[    0.000000] Early memory node ranges
[    0.000000]   node   0: [mem 0x0000000000001000-0x000000000009efff]
[    0.000000]   node   0: [mem 0x0000000000100000-0x00000000dffeffff]
[    0.000000]   node   0: [mem 0x0000000100000000-0x000000011fffffff]
[    0.000000] Reserved but unavailable: 104 pages
[    0.000000] Initmem setup node 0 [mem 0x0000000000001000-0x000000011fffffff]
[    0.000000] ACPI: PM-Timer IO Port: 0x4008
[    0.000000] IOAPIC[0]: apic_id 2, version 32, address 0xfec00000, GSI 0-23
[    0.000000] ACPI: INT_SRC_OVR (bus 0 bus_irq 0 global_irq 2 dfl dfl)
[    0.000000] ACPI: INT_SRC_OVR (bus 0 bus_irq 9 global_irq 9 low level)
[    0.000000] Using ACPI (MADT) for SMP configuration information
[    0.000000] smpboot: Allowing 2 CPUs, 0 hotplug CPUs
[    0.000000] PM: Registered nosave memory: [mem 0x00000000-0x00000fff]
[    0.000000] PM: Registered nosave memory: [mem 0x0009f000-0x0009ffff]
[    0.000000] PM: Registered nosave memory: [mem 0x000a0000-0x000effff]
[    0.000000] PM: Registered nosave memory: [mem 0x000f0000-0x000fffff]
[    0.000000] PM: Registered nosave memory: [mem 0xdfff0000-0xdfffffff]
[    0.000000] PM: Registered nosave memory: [mem 0xe0000000-0xfebfffff]
[    0.000000] PM: Registered nosave memory: [mem 0xfec00000-0xfec00fff]
[    0.000000] PM: Registered nosave memory: [mem 0xfec01000-0xfedfffff]
[    0.000000] PM: Registered nosave memory: [mem 0xfee00000-0xfee00fff]
[    0.000000] PM: Registered nosave memory: [mem 0xfee01000-0xfffbffff]
[    0.000000] PM: Registered nosave memory: [mem 0xfffc0000-0xffffffff]
[    0.000000] e820: [mem 0xe0000000-0xfebfffff] available for PCI devices
[    0.000000] Booting paravirtualized kernel on KVM
[    0.000000] clocksource: refined-jiffies: mask: 0xffffffff max_cycles: 0xffffffff, max_idle_ns: 7645519600211568 ns
[    0.000000] setup_percpu: NR_CPUS:8192 nr_cpumask_bits:2 nr_cpu_ids:2 nr_node_ids:1
[    0.000000] percpu: Embedded 50 pages/cpu s167936 r8192 d28672 u1048576
[    0.000000] PV qspinlock hash table entries: 256 (order: 0, 4096 bytes)
[    0.000000] Built 1 zonelists, mobility grouping on.  Total pages: 1032057
[    0.000000] Policy zone: Normal
[    0.000000] Kernel command line: BOOT_IMAGE=/boot/vmlinuz-4.15.0-204-generic root=LABEL=cloudimg-rootfs ro console=tty1 console=ttyS0
[    0.000000] Memory: 4012372K/4193848K available (12300K kernel code, 2477K rwdata, 4324K rodata, 2480K init, 2720K bss, 181476K reserved, 0K cma-reserved)
[    0.000000] SLUB: HWalign=64, Order=0-3, MinObjects=0, CPUs=2, Nodes=1
[    0.000000] Kernel/User page tables isolation: enabled
[    0.000000] ftrace: allocating 39488 entries in 155 pages
[    0.004000] Hierarchical RCU implementation.
[    0.004000] 	RCU restricting CPUs from NR_CPUS=8192 to nr_cpu_ids=2.
[    0.004000] 	Tasks RCU enabled.
[    0.004000] RCU: Adjusting geometry for rcu_fanout_leaf=16, nr_cpu_ids=2
[    0.004000] NR_IRQS: 524544, nr_irqs: 440, preallocated irqs: 16
[    0.004000] random: crng init done
[    0.004000] Console: colour VGA+ 80x25
[    0.004000] console [tty1] enabled
[    0.004000] console [ttyS0] enabled
[    0.004000] ACPI: Core revision 20170831
[    0.004000] ACPI: 2 ACPI AML tables successfully acquired and loaded
[    0.004000] APIC: Switch to symmetric I/O mode setup
[    0.004081] x2apic enabled
[    0.006994] Switched APIC routing to physical x2apic.
[    0.012000] ..TIMER: vector=0x30 apic1=0 pin1=2 apic2=-1 pin2=-1
[    0.012003] tsc: Detected 2314.312 MHz processor
[    0.016009] Calibrating delay loop (skipped) preset value.. 4628.62 BogoMIPS (lpj=9257248)
[    0.020003] pid_max: default: 32768 minimum: 301
[    0.024037] Security Framework initialized
[    0.026397] Yama: becoming mindful.
[    0.028034] AppArmor: AppArmor initialized
[    0.034616] Dentry cache hash table entries: 524288 (order: 10, 4194304 bytes)
[    0.037630] Inode-cache hash table entries: 262144 (order: 9, 2097152 bytes)
[    0.040061] Mount-cache hash table entries: 8192 (order: 4, 65536 bytes)
[    0.044059] Mountpoint-cache hash table entries: 8192 (order: 4, 65536 bytes)
[    0.052500] Last level iTLB entries: 4KB 64, 2MB 8, 4MB 8
[    0.055300] Last level dTLB entries: 4KB 64, 2MB 0, 4MB 0, 1GB 4
[    0.056015] Spectre V1 : Mitigation: usercopy/swapgs barriers and __user pointer sanitization
[    0.060002] Spectre V2 : Mitigation: Retpolines
[    0.064002] Spectre V2 : Spectre v2 / SpectreRSB mitigation: Filling RSB on context switch
[    0.068002] Spectre V2 : Spectre v2 / SpectreRSB : Filling RSB on VMEXIT
[    0.072002] RETBleed: WARNING: Spectre v2 mitigation leaves CPU vulnerable to RETBleed attacks, data leaks possible!
[    0.076002] RETBleed: Vulnerable
[    0.077668] Speculative Store Bypass: Vulnerable
[    0.080092] MDS: Mitigation: Clear CPU buffers
[    0.084002] MMIO Stale Data: Mitigation: Clear CPU buffers
[    0.086678] SRBDS: Unknown: Dependent on hypervisor status
[    0.088152] Freeing SMP alternatives memory: 36K
[    0.206227] APIC calibration not consistent with PM-Timer: 102ms instead of 100ms
[    0.208000] APIC delta adjusted to PM-Timer: 6261065 (6401678)
[    0.208211] smpboot: CPU0: Intel(R) Core(TM) i9-9880H CPU @ 2.30GHz (family: 0x6, model: 0x9e, stepping: 0xd)
[    0.212166] Performance Events: unsupported p6 CPU model 158 no PMU driver, software events only.
[    0.216074] Hierarchical SRCU implementation.
[    0.220494] NMI watchdog: Perf event create on CPU 0 failed with -2
[    0.224002] NMI watchdog: Perf NMI watchdog permanently disabled
[    0.227150] smp: Bringing up secondary CPUs ...
[    0.228236] x86: Booting SMP configuration:
[    0.232002] .... node  #0, CPUs:      #1
[    0.004000] kvm-clock: cpu 1, msr 1:1ff54041, secondary cpu clock
[    0.238118] smp: Brought up 1 node, 2 CPUs
[    0.240005] smpboot: Max logical packages: 1
[    0.242348] smpboot: Total of 2 processors activated (9257.24 BogoMIPS)
[    0.248166] devtmpfs: initialized
[    0.251271] x86/mm: Memory block size: 128MB
[    0.252430] evm: security.selinux
[    0.256007] evm: security.SMACK64
[    0.257997] evm: security.SMACK64EXEC
[    0.260004] evm: security.SMACK64TRANSMUTE
[    0.262242] evm: security.SMACK64MMAP
[    0.264000] evm: security.apparmor
[    0.264002] evm: security.ima
[    0.266068] evm: security.capability
[    0.268275] clocksource: jiffies: mask: 0xffffffff max_cycles: 0xffffffff, max_idle_ns: 7645041785100000 ns
[    0.272030] futex hash table entries: 512 (order: 3, 32768 bytes)
[    0.276060] pinctrl core: initialized pinctrl subsystem
[    0.280289] RTC time:  0:48:57, date: 02/15/23
[    0.284279] NET: Registered protocol family 16
[    0.286746] audit: initializing netlink subsys (disabled)
[    0.288072] audit: type=2000 audit(1676422142.148:1): state=initialized audit_enabled=0 res=1
[    0.292010] cpuidle: using governor ladder
[    0.296007] cpuidle: using governor menu
[    0.298239] ACPI: bus type PCI registered
[    0.300003] acpiphp: ACPI Hot Plug PCI Controller Driver version: 0.5
[    0.304613] PCI: Using configuration type 1 for base access
[    0.312094] HugeTLB registered 2.00 MiB page size, pre-allocated 0 pages
[    0.316118] ACPI: Added _OSI(Module Device)
[    0.320024] ACPI: Added _OSI(Processor Device)
[    0.322945] ACPI: Added _OSI(3.0 _SCP Extensions)
[    0.324011] ACPI: Added _OSI(Processor Aggregator Device)
[    0.328004] ACPI: Added _OSI(Linux-Dell-Video)
[    0.332003] ACPI: Added _OSI(Linux-Lenovo-NV-HDMI-Audio)
[    0.336003] ACPI: Added _OSI(Linux-HPI-Hybrid-Graphics)
[    0.340557] ACPI: Executed 1 blocks of module-level executable AML code
[    0.348762] ACPI: Interpreter enabled
[    0.350842] ACPI: (supports S0 S5)
[    0.352003] ACPI: Using IOAPIC for interrupt routing
[    0.356347] PCI: Using host bridge windows from ACPI; if necessary, use "pci=nocrs" and report a bug
[    0.360197] ACPI: Enabled 2 GPEs in block 00 to 07
[    0.374616] ACPI: PCI Root Bridge [PCI0] (domain 0000 [bus 00-ff])
[    0.376007] acpi PNP0A03:00: _OSC: OS supports [ASPM ClockPM Segments MSI]
[    0.380645] acpi PNP0A03:00: _OSC: not requesting OS control; OS requires [ExtendedConfig ASPM ClockPM MSI]
[    0.384010] acpi PNP0A03:00: fail to add MMCONFIG information, can't access extended PCI configuration space under this bridge.
[    0.388575] PCI host bridge to bus 0000:00
[    0.392004] pci_bus 0000:00: root bus resource [io  0x0000-0x0cf7 window]
[    0.396004] pci_bus 0000:00: root bus resource [io  0x0d00-0xffff window]
[    0.399486] pci_bus 0000:00: root bus resource [mem 0x000a0000-0x000bffff window]
[    0.400003] pci_bus 0000:00: root bus resource [mem 0xe0000000-0xfdffffff window]
[    0.404004] pci_bus 0000:00: root bus resource [bus 00-ff]
[    0.415634] pci 0000:00:01.1: legacy IDE quirk: reg 0x10: [io  0x01f0-0x01f7]
[    0.416003] pci 0000:00:01.1: legacy IDE quirk: reg 0x14: [io  0x03f6]
[    0.420004] pci 0000:00:01.1: legacy IDE quirk: reg 0x18: [io  0x0170-0x0177]
[    0.424003] pci 0000:00:01.1: legacy IDE quirk: reg 0x1c: [io  0x0376]
[    0.503858] pci 0000:00:07.0: quirk: [io  0x4000-0x403f] claimed by PIIX4 ACPI
[    0.504030] pci 0000:00:07.0: quirk: [io  0x4100-0x410f] claimed by PIIX4 SMB
[    0.522219] ACPI: PCI Interrupt Link [LNKA] (IRQs 5 9 10 *11)
[    0.524460] ACPI: PCI Interrupt Link [LNKB] (IRQs 5 9 *10 11)
[    0.528184] ACPI: PCI Interrupt Link [LNKC] (IRQs 5 *9 10 11)
[    0.531580] ACPI: PCI Interrupt Link [LNKD] (IRQs 5 9 10 *11)
[    0.532374] SCSI subsystem initialized
[    0.536167] pci 0000:00:02.0: vgaarb: setting as boot VGA device
[    0.539848] pci 0000:00:02.0: vgaarb: VGA device added: decodes=io+mem,owns=io+mem,locks=none
[    0.540010] pci 0000:00:02.0: vgaarb: bridge control possible
[    0.544006] vgaarb: loaded
[    0.545985] ACPI: bus type USB registered
[    0.548040] usbcore: registered new interface driver usbfs
[    0.552026] usbcore: registered new interface driver hub
[    0.556018] usbcore: registered new device driver usb
[    0.558897] EDAC MC: Ver: 3.0.0
[    0.560535] PCI: Using ACPI for IRQ routing
[    0.564531] NetLabel: Initializing
[    0.568004] NetLabel:  domain hash size = 128
[    0.570466] NetLabel:  protocols = UNLABELED CIPSOv4 CALIPSO
[    0.572026] NetLabel:  unlabeled traffic allowed by default
[    0.576386] clocksource: Switched to clocksource kvm-clock
[    0.595300] VFS: Disk quotas dquot_6.6.0
[    0.598776] VFS: Dquot-cache hash table entries: 512 (order 0, 4096 bytes)
[    0.602822] AppArmor: AppArmor Filesystem Enabled
[    0.606185] pnp: PnP ACPI init
[    0.610408] pnp: PnP ACPI: found 3 devices
[    0.630742] clocksource: acpi_pm: mask: 0xffffff max_cycles: 0xffffff, max_idle_ns: 2085701024 ns
[    0.635546] NET: Registered protocol family 2
[    0.638488] IP idents hash table entries: 65536 (order: 7, 524288 bytes)
[    0.642709] TCP established hash table entries: 32768 (order: 6, 262144 bytes)
[    0.648867] TCP bind hash table entries: 32768 (order: 7, 524288 bytes)
[    0.652940] TCP: Hash tables configured (established 32768 bind 32768)
[    0.656456] UDP hash table entries: 2048 (order: 4, 65536 bytes)
[    0.659754] UDP-Lite hash table entries: 2048 (order: 4, 65536 bytes)
[    0.663581] NET: Registered protocol family 1
[    0.666866] pci 0000:00:00.0: Limiting direct PCI/PCI transfers
[    0.670311] pci 0000:00:01.0: Activating ISA DMA hang workarounds
[    0.673739] pci 0000:00:02.0: Video device with shadowed ROM at [mem 0x000c0000-0x000dffff]
[    0.678448] Unpacking initramfs...
[    0.987249] Freeing initrd memory: 20424K
[    0.989944] PCI-DMA: Using software bounce buffering for IO (SWIOTLB)
[    0.993343] software IO TLB: mapped [mem 0xdbff0000-0xdfff0000] (64MB)
[    0.996931] clocksource: tsc: mask: 0xffffffffffffffff max_cycles: 0x215c0532ecc, max_idle_ns: 440795266137 ns
[    1.003298] platform rtc_cmos: registered platform RTC device (no PNP device found)
[    1.009321] Scanning for low memory corruption every 60 seconds
[    1.014252] Initialise system trusted keyrings
[    1.016667] Key type blacklist registered
[    1.019671] workingset: timestamp_bits=36 max_order=20 bucket_order=0
[    1.024527] zbud: loaded
[    1.027633] squashfs: version 4.0 (2009/01/31) Phillip Lougher
[    1.031987] fuse init (API version 7.26)
[    1.043155] Key type asymmetric registered
[    1.046096] Asymmetric key parser 'x509' registered
[    1.048791] Block layer SCSI generic (bsg) driver version 0.4 loaded (major 246)
[    1.052823] io scheduler noop registered
[    1.054984] io scheduler deadline registered
[    1.057427] io scheduler cfq registered (default)
[    1.061733] ACPI: AC Adapter [AC] (off-line)
[    1.064084] input: Power Button as /devices/LNXSYSTM:00/LNXPWRBN:00/input/input0
[    1.068509] ACPI: Power Button [PWRF]
[    1.070591] input: Sleep Button as /devices/LNXSYSTM:00/LNXSLPBN:00/input/input1
[    1.074408] ACPI: Sleep Button [SLPF]
[    1.077437] Serial: 8250/16550 driver, 32 ports, IRQ sharing enabled
[    1.079352] ACPI: Battery Slot [BAT0] (battery present)
[    1.110260] 00:02: ttyS0 at I/O 0x3f8 (irq = 4, base_baud = 115200) is a 16550A
[    1.113626] Linux agpgart interface v0.103
[    1.120493] loop: module loaded
[    1.124924] scsi host0: ata_piix
[    1.127783] scsi host1: ata_piix
[    1.129943] ata1: PATA max UDMA/33 cmd 0x1f0 ctl 0x3f6 bmdma 0xd000 irq 14
[    1.133840] ata2: PATA max UDMA/33 cmd 0x170 ctl 0x376 bmdma 0xd008 irq 15
[    1.139852] tun: Universal TUN/TAP device driver, 1.6
[    1.142274] PPP generic driver version 2.4.2
[    1.142274] ehci_hcd: USB 2.0 'Enhanced' Host Controller (EHCI) Driver
[    1.142274] ehci-pci: EHCI PCI platform driver
[    1.151712] ehci-platform: EHCI generic platform driver
[    1.155109] ohci_hcd: USB 1.1 'Open' Host Controller (OHCI) Driver
[    1.158466] ohci-pci: OHCI PCI platform driver
[    1.161101] ohci-platform: OHCI generic platform driver
[    1.163951] uhci_hcd: USB Universal Host Controller Interface driver
[    1.165068] i8042: PNP: PS/2 Controller [PNP0303:PS2K,PNP0f03:PS2M] at 0x60,0x64 irq 1,12
[    1.175317] serio: i8042 KBD port at 0x60,0x64 irq 1
[    1.177474] serio: i8042 AUX port at 0x60,0x64 irq 12
[    1.181168] mousedev: PS/2 mouse device common for all mice
[    1.185570] input: AT Translated Set 2 keyboard as /devices/platform/i8042/serio0/input/input2
[    1.191572] rtc_cmos rtc_cmos: rtc core: registered rtc_cmos as rtc0
[    1.195757] rtc_cmos rtc_cmos: alarms up to one day, 114 bytes nvram
[    1.200071] i2c /dev entries driver
[    1.202058] device-mapper: uevent: version 1.0.3
[    1.204944] device-mapper: ioctl: 4.37.0-ioctl (2017-09-20) initialised: dm-devel@redhat.com
[    1.209705] ledtrig-cpu: registered to indicate activity on CPUs
[    1.214289] NET: Registered protocol family 10
[    1.222850] Segment Routing with IPv6
[    1.225116] NET: Registered protocol family 17
[    1.227764] Key type dns_resolver registered
[    1.230442] mce: Using 0 MCE banks
[    1.232423] RAS: Correctable Errors collector initialized.
[    1.236110] sched_clock: Marking stable (1236065087, 0)->(1809075930, -573010843)
[    1.242173] registered taskstats version 1
[    1.244563] Loading compiled-in X.509 certificates
[    1.250547] Loaded X.509 cert 'Build time autogenerated kernel key: 449f52b446813ee48ad446aa51a5377584e80c28'
[    1.256231] Loaded X.509 cert 'Canonical Ltd. Live Patch Signing: 14df34d1a87cf37625abec039ef2bf521249b969'
[    1.261951] Loaded X.509 cert 'Canonical Ltd. Kernel Module Signing: 88f752e560a1e0737e31163a466ad7b70a850c19'
[    1.266921] blacklist: Loading compiled-in revocation X.509 certificates
[    1.270545] Loaded X.509 cert 'Canonical Ltd. Secure Boot Signing: 61482aa2830d0ab2ad5af10b7250da9033ddcef0'
[    1.275652] Loaded X.509 cert 'Canonical Ltd. Secure Boot Signing (2017): 242ade75ac4a15e50d50c84b0d45ff3eae707a03'
[    1.281373] Loaded X.509 cert 'Canonical Ltd. Secure Boot Signing (ESM 2018): 365188c1d374d6b07c3c8f240f8ef722433d6a8b'
[    1.286910] Loaded X.509 cert 'Canonical Ltd. Secure Boot Signing (2019): c0746fd6c5da3ae827864651ad66ae47fe24b3e8'
[    1.292075] Loaded X.509 cert 'Canonical Ltd. Secure Boot Signing (2021 v1): a8d54bbb3825cfb94fa13c9f8a594a195c107b8d'
[    1.297531] Loaded X.509 cert 'Canonical Ltd. Secure Boot Signing (2021 v2): 4cf046892d6fd3c9a5b03f98d845f90851dc6a8c'
[    1.304139] Loaded X.509 cert 'Canonical Ltd. Secure Boot Signing (2021 v3): 100437bb6de6e469b581e61cd66bce3ef4ed53af'
[    1.310098] Loaded X.509 cert 'Canonical Ltd. Secure Boot Signing (Ubuntu Core 2019): c1d57b8f6b743f23ee41f4f7ee292f06eecadfb9'
[    1.316628] zswap: loaded using pool lzo/zbud
[    1.351246] Key type big_key registered
[    1.353425] Key type trusted registered
[    1.358486] Key type encrypted registered
[    1.360771] AppArmor: AppArmor sha1 policy hashing enabled
[    1.364147] ima: No TPM chip found, activating TPM-bypass! (rc=-19)
[    1.367644] ima: Allocated hash algorithm: sha1
[    1.370160] evm: HMAC attrs: 0x1
[    1.372501]   Magic number: 11:884:809
[    1.375707] rtc_cmos rtc_cmos: setting system clock to 2023-02-15 00:48:58 UTC (1676422138)
[    1.380636] BIOS EDD facility v0.16 2004-Jun-25, 0 devices found
[    1.384296] EDD information not available.
[    1.389264] Freeing unused kernel image memory: 2480K
[    1.404282] Write protecting the kernel read-only data: 20480k
[    1.409306] Freeing unused kernel image memory: 2008K
[    1.413024] Freeing unused kernel image memory: 1820K
[    1.422955] x86/mm: Checked W+X mappings: passed, no W+X pages found.
[    1.427458] x86/mm: Checking user space page tables
[    1.436450] x86/mm: Checked W+X mappings: passed, no W+X pages found.
Loading, please wait...
starting version 237
[    1.513624] e1000: Intel(R) PRO/1000 Network Driver - version 7.3.21-k8-NAPI
[    1.517426] e1000: Copyright (c) 1999-2006 Intel Corporation.
[    1.530213] Fusion MPT base driver 3.04.20
[    1.533227] Copyright (c) 1999-2008 LSI Corporation
[    1.539949] Fusion MPT SPI Host driver 3.04.20
[    1.544063] vboxvideo: loading out-of-tree module taints kernel.
[    1.551611] vboxvideo: module verification failed: signature and/or required key missing - tainting kernel
[    1.563534] vboxvideo: loading version 7.0.6 r155176
[    1.583631] AVX2 version of gcm_enc/dec engaged.
[    1.586358] AES CTR mode by8 optimization enabled
[    1.777717] input: ImExPS/2 Generic Explorer Mouse as /devices/platform/i8042/serio1/input/input4
[    2.022073] e1000 0000:00:03.0 eth0: (PCI:33MHz:32-bit) 02:1d:71:e8:cf:d1
[    2.026284] e1000 0000:00:03.0 eth0: Intel(R) PRO/1000 Network Connection
[    2.031673] mptbase: ioc0: Initiating bringup
[    2.035561] e1000 0000:00:03.0 enp0s3: renamed from eth0
[    2.143138] ioc0: LSI53C1030 A0: Capabilities={Initiator}
[    2.394890] scsi host2: ioc0: LSI53C1030 A0, FwRev=00000000h, Ports=1, MaxQ=256, IRQ=20
[    2.573431] scsi 2:0:0:0: Direct-Access     VBOX     HARDDISK         1.0  PQ: 0 ANSI: 5
[    2.573503] [drm] VRAM 04000000
[    2.583341] [TTM] Zone  kernel: Available graphics memory: 2019570 kiB
[    2.587925] [TTM] Initializing pool allocator
[    2.590993] [TTM] Initializing DMA pool allocator
[    2.654339] fbcon: vboxdrmfb (fb0) is primary device
[    2.669607] Console: switching to colour frame buffer device 100x37
[    2.674888] vboxvideo 0000:00:02.0: fb0: vboxdrmfb frame buffer device
[    2.676240] scsi target2:0:0: Beginning Domain Validation
[    2.683498] scsi target2:0:0: Domain Validation skipping write tests
[    2.685884] scsi target2:0:0: Ending Domain Validation
[    2.687619] scsi target2:0:0: asynchronous
[    2.689756] scsi 2:0:1:0: Direct-Access     VBOX     HARDDISK         1.0  PQ: 0 ANSI: 5
[    2.692459] [drm] Initialized vboxvideo 1.0.0 20130823 for 0000:00:02.0 on minor 0
[    2.729116] scsi target2:0:1: Beginning Domain Validation
[    2.734198] scsi target2:0:1: Domain Validation skipping write tests
[    2.737593] scsi target2:0:1: Ending Domain Validation
[    2.739737] scsi target2:0:1: asynchronous
[    2.748581] sd 2:0:0:0: Attached scsi generic sg0 type 0
[    2.750644] sd 2:0:0:0: [sda] 83886080 512-byte logical blocks: (42.9 GB/40.0 GiB)
[    2.753828] sd 2:0:0:0: [sda] Write Protect is off
[    2.755897] sd 2:0:1:0: [sdb] 20480 512-byte logical blocks: (10.5 MB/10.0 MiB)
[    2.764589] sd 2:0:0:0: [sda] Incomplete mode parameter data
[    2.767306] sd 2:0:0:0: [sda] Assuming drive cache: write through
[    2.769454] sd 2:0:1:0: [sdb] Write Protect is off
[    2.769607] sd 2:0:1:0: Attached scsi generic sg1 type 0
[    2.774035] sd 2:0:1:0: [sdb] Incomplete mode parameter data
[    2.782425] sd 2:0:1:0: [sdb] Assuming drive cache: write through
[    2.789329]  sda: sda1
[    2.791939] sd 2:0:1:0: [sdb] Attached SCSI disk
[    2.792784] sd 2:0:0:0: [sda] Attached SCSI disk
Begin: Loading essential drivers ... [    2.980186] raid6: sse2x1   gen() 12160 MB/s
[    3.029129] raid6: sse2x1   xor()  7447 MB/s
[    3.077159] raid6: sse2x2   gen() 15430 MB/s
[    3.124455] raid6: sse2x2   xor()  9566 MB/s
[    3.172095] raid6: sse2x4   gen() 16569 MB/s
[    3.220134] raid6: sse2x4   xor()  9537 MB/s
[    3.268723] raid6: avx2x1   gen() 25002 MB/s
[    3.316673] raid6: avx2x1   xor() 14798 MB/s
[    3.364388] raid6: avx2x2   gen() 29717 MB/s
[    3.413202] raid6: avx2x2   xor() 19420 MB/s
[    3.460284] raid6: avx2x4   gen() 32324 MB/s
[    3.508139] raid6: avx2x4   xor() 19836 MB/s
[    3.510876] raid6: using algorithm avx2x4 gen() 32324 MB/s
[    3.512913] raid6: .... xor() 19836 MB/s, rmw enabled
[    3.514734] raid6: using avx2x2 recovery algorithm
[    3.517616] xor: automatically using best checksumming function   avx       
[    3.521534] async_tx: api initialized (async)
done.
Begin: Running /scripts/init-premount ... done.
Begin: Mounting root file system ... Begin: Running /scripts/local-top ... done.
Begin: Running /scripts/local-premount ... [    3.580340] Btrfs loaded, crc32c=crc32c-intel
Scanning for Btrfs filesystems
done.
Begin: Will now check root file system ... fsck from util-linux 2.31.1
[/sbin/fsck.ext4 (1) -- /dev/sda1] fsck.ext4 -a -C0 /dev/sda1 
cloudimg-rootfs: recovering journal
cloudimg-rootfs: Clearing orphaned inode 513145 (uid=1000, gid=1000, mode=0100664, size=2284)
cloudimg-rootfs: Clearing orphaned inode 513171 (uid=1000, gid=1000, mode=0100664, size=2284)
cloudimg-rootfs: Clearing orphaned inode 513042 (uid=1000, gid=1000, mode=0100664, size=2284)
cloudimg-rootfs: Clearing orphaned inode 513172 (uid=1000, gid=1000, mode=0100664, size=2284)
cloudimg-rootfs: Clearing orphaned inode 13819 (uid=1000, gid=1000, mode=0100600, size=262144)
cloudimg-rootfs: Clearing orphaned inode 13807 (uid=114, gid=120, mode=0100600, size=51906)
cloudimg-rootfs: Clearing orphaned inode 256042 (uid=114, gid=120, mode=0100600, size=262144)
cloudimg-rootfs: clean, 109733/5120000 files, 1666557/10485499 blocks
done.
[    3.756608] EXT4-fs (sda1): mounted filesystem with ordered data mode. Opts: (null)
done.
Begin: Running /scripts/local-bottom ... done.
Begin: Running /scripts/init-bottom ... done.
[    3.964770] ip_tables: (C) 2000-2006 Netfilter Core Team
[    3.980851] systemd[1]: systemd 237 running in system mode. (+PAM +AUDIT +SELINUX +IMA +APPARMOR +SMACK +SYSVINIT +UTMP +LIBCRYPTSETUP +GCRYPT +GNUTLS +ACL +XZ +LZ4 +SECCOMP +BLKID +ELFUTILS +KMOD -IDN2 +IDN -PCRE2 default-hierarchy=hybrid)
[    3.989429] systemd[1]: Detected virtualization oracle.
[    3.991393] systemd[1]: Detected architecture x86-64.

Welcome to [1mUbuntu 18.04.6 LTS[0m!

[    4.010299] systemd[1]: Set hostname to <ubuntu-bionic>.
[    4.287043] systemd[1]: Set up automount Arbitrary Executable File Formats File System Automount Point.
[[0;32m  OK  [0m] Set up automount Arbitrary Executab…rmats File System Automount Point.
[    4.294597] systemd[1]: Reached target Mounting snaps.
[[0;32m  OK  [0m] Reached target Mounting snaps.
[    4.299820] systemd[1]: Started Forward Password Requests to Wall Directory Watch.
[[0;32m  OK  [0m] Started Forward Password Requests to Wall Directory Watch.
[    4.309869] systemd[1]: Reached target System Time Synchronized.
[[0;32m  OK  [0m] Reached target System Time Synchronized.
[    4.320867] systemd[1]: Created slice User and Session Slice.
[[0;32m  OK  [0m] Created slice User and Session Slice.
[    4.330339] systemd[1]: Reached target Swap.
[[0;32m  OK  [0m] Reached target Swap.
[[0;32m  OK  [0m] Created slice System Slice.
[[0;32m  OK  [0m] Reached target Slices.
[[0;32m  OK  [0m] Created slice system-serial\x2dgetty.slice.
[[0;32m  OK  [0m] Listening on udev Control Socket.
[[0;32m  OK  [0m] Listening on fsck to fsckd communication Socket.
[[0;32m  OK  [0m] Listening on /dev/initctl Compatibility Named Pipe.
[[0;32m  OK  [0m] Listening on Journal Audit Socket.
[[0;32m  OK  [0m] Listening on Journal Socket.
         Starting Set the console keyboard layout...
         Starting Load Kernel Modules...
         Mounting Kernel Debug File System...
         Mounting POSIX Message Queue File System...
         Mounting Huge Pages File System...
[[0;32m  OK  [0m] Listening on Journal Socket (/dev/log).
[[0;32m  OK  [0m] Listening on LVM2 poll daemon socket.
[[0;32m  OK  [0m] Listening on Device-mapper event daemon FIFOs.
         Starting Remount Root and Kernel File Systems...
[[0;32m  OK  [0m] Listening on Network Service Netlink Socket.
[[0;32m  OK  [0m] Listening on LVM2 metadata daemon socket.
         Starting Monitoring of LVM2 mirrors…ng dmeventd or progress polling...[    4.390563] Loading iSCSI transport class v2.0-870.

         Starting Uncomplicated firewall...
[[0;32m  OK  [0m] Listening on Syslog Socket.
         Starting Create list of required st…ce nodes for the current kernel...
         Starting Journal Service...
[[0;32m  OK  [0m] Reached target User and Group Name Lookups.
[[0;32m  OK  [0m] Reached target Mounted snaps.
[[0;32m  OK  [0m] Listening on udev Kernel Socket.
[    4.485357] iscsi: registered transport (tcp)
         Starting udev Coldplug all Devices...
[[0;32m  OK  [0m] Mounted Kernel Debug File System.
[[0;32m  OK  [0m] Mounted POSIX Message Queue File System.
[    4.500574] EXT4-fs (sda1): re-mounted. Opts: (null)
[[0;32m  OK  [0m] Mounted Huge Pages File System.
[[0;32m  OK  [0m] Started Uncomplicated firewall.
[[0;32m  OK  [0m] Started Create list of required sta…vice nodes for the current kernel.
[[0;32m  OK  [0m] Started LVM2 metadata daemon.
         Starting Create Static Device Nodes in /dev...
[[0;32m  OK  [0m] Started Remount Root and Kernel File Systems.
         Starting Load/Save Random Seed...
[[0;32m  OK  [0m] Started udev Coldplug all Devices.
[[0;32m  OK  [0m] Started Create Static Device Nodes in /dev.
         Starting udev Kernel Device Manager...
[[0;32m  OK  [0m] Started Journal Service.
         Starting Flush Journal to Persistent Storage...
[    4.593215] iscsi: registered transport (iser)
[[0;32m  OK  [0m] Started Load Kernel Modules.
         Starting Apply Kernel Variables...
         Mounting Kernel Configuration File System...
         Mounting FUSE Control File System...
[[0;32m  OK  [0m] Mounted Kernel Configuration File System.
[[0;32m  OK  [0m] Started Load/Save Random Seed.
[[0;32m  OK  [0m] Mounted FUSE Control File System.
[[0;32m  OK  [0m] Started Monitoring of LVM2 mirrors,…sing dmeventd or progress polling.
[[0;32m  OK  [0m] Started udev Kernel Device Manager.
[    4.687542] systemd-journald[427]: Received request to flush runtime journal from PID 1
[[0;32m  OK  [0m] Started Apply Kernel Variables.
[[0;32m  OK  [0m] Started Set the console keyboard layout.
[[0;32m  OK  [0m] Started Dispatch Password Requests to Console Directory Watch.
[[0;32m  OK  [0m] Reached target Local Encrypted Volumes.
[[0;32m  OK  [0m] Reached target Local File Systems (Pre).
[[0;32m  OK  [0m] Reached target Local File Systems.
         Starting Set console font and keymap...
         Starting AppArmor initialization...
         Starting Tell Plymouth To Write Out Runtime Data...
         Starting ebtables ruleset management...
[[0;32m  OK  [0m] Started Set console font and keymap.
[[0;32m  OK  [0m] Started Tell Plymouth To Write Out Runtime Data.
[[0;32m  OK  [0m] Started Flush Journal to Persistent Storage.
         Starting Create Volatile Files and Directories...
[[0;32m  OK  [0m] Started Create Volatile Files and Directories.
         Starting Update UTMP about System Boot/Shutdown...
[[0;32m  OK  [0m] Started ebtables ruleset management.
[[0;32m  OK  [0m] Started Update UTMP about System Boot/Shutdown.
[[0;32m  OK  [0m] Found device /dev/ttyS0.
[[0;32m  OK  [0m] Listening on Load/Save RF Kill Switch Status /dev/rfkill Watch.
[[0;32m  OK  [0m] Started AppArmor initialization.
         Starting Load AppArmor profiles managed internally by snapd...
         Starting Initial cloud-init job (pre-networking)...
         Mounting Arbitrary Executable File Formats File System...
[[0;32m  OK  [0m] Mounted Arbitrary Executable File Formats File System.
[[0;32m  OK  [0m] Started Load AppArmor profiles managed internally by snapd.
[    6.384193] cloud-init[585]: Cloud-init v. 22.4.2-0ubuntu0~18.04.1 running 'init-local' at Wed, 15 Feb 2023 00:49:03 +0000. Up 6.23 seconds.
[[0;32m  OK  [0m] Started Initial cloud-init job (pre-networking).
[[0;32m  OK  [0m] Reached target Network (Pre).
         Starting Network Service...
[[0;32m  OK  [0m] Started Network Service.
         Starting Wait for Network to be Configured...
         Starting Network Name Resolution...
[[0;32m  OK  [0m] Started Network Name Resolution.
[[0;32m  OK  [0m] Reached target Host and Network Name Lookups.
[[0;32m  OK  [0m] Started Wait for Network to be Configured.
         Starting Initial cloud-init job (metadata service crawler)...
[    8.590818] cloud-init[734]: Cloud-init v. 22.4.2-0ubuntu0~18.04.1 running 'init' at Wed, 15 Feb 2023 00:49:05 +0000. Up 8.47 seconds.
[    8.614407] cloud-init[734]: ci-info: ++++++++++++++++++++++++++++++++++++++Net device info++++++++++++++++++++++++++++++++++++++
[    8.618041] cloud-init[734]: ci-info: +--------+------+----------------------------+---------------+--------+-------------------+
[    8.622236] cloud-init[734]: ci-info: | Device |  Up  |          Address           |      Mask     | Scope  |     Hw-Address    |
[    8.625878] cloud-init[734]: ci-info: +--------+------+----------------------------+---------------+--------+-------------------+
[    8.629552] cloud-init[734]: ci-info: | enp0s3 | True |       192.168.0.155        | 255.255.255.0 | global | 02:1d:71:e8:cf:d1 |
[    8.633384] cloud-init[734]: ci-info: | enp0s3 | True | fe80::1d:71ff:fee8:cfd1/64 |       .       |  link  | 02:1d:71:e8:cf:d1 |
[    8.637302] cloud-init[734]: ci-info: |   lo   | True |         127.0.0.1          |   255.0.0.0   |  host  |         .         |
[    8.641336] cloud-init[734]: ci-info: |   lo   | True |          ::1/128           |       .       |  host  |         .         |
[    8.646436] cloud-init[734]: ci-info: +--------+------+----------------------------+---------------+--------+-------------------+
[    8.651119] cloud-init[734]: ci-info: ++++++++++++++++++++++++++++++Route IPv4 info++++++++++++++++++++++++++++++
[    8.655658] cloud-init[734]: ci-info: +-------+-------------+-------------+-----------------+-----------+-------+
[    8.659475] cloud-init[734]: ci-info: | Route | Destination |   Gateway   |     Genmask     | Interface | Flags |
[    8.662001] cloud-init[734]: ci-info: +-------+-------------+-------------+-----------------+-----------+-------+
[    8.665080] cloud-init[734]: ci-info: |   0   |   0.0.0.0   | 192.168.0.1 |     0.0.0.0     |   enp0s3  |   UG  |
[    8.667322] cloud-init[734]: ci-info: |   1   | 192.168.0.0 |   0.0.0.0   |  255.255.255.0  |   enp0s3  |   U   |
[    8.669556] cloud-init[734]: ci-info: |   2   | 192.168.0.1 |   0.0.0.0   | 255.255.255.255 |   enp0s3  |   UH  |
[    8.671770] cloud-init[734]: ci-info: +-------+-------------+-------------+-----------------+-----------+-------+
[    8.674279] cloud-init[734]: ci-info: +++++++++++++++++++Route IPv6 info+++++++++++++++++++
[    8.676367] cloud-init[734]: ci-info: +-------+-------------+---------+-----------+-------+
[    8.678298] cloud-init[734]: ci-info: | Route | Destination | Gateway | Interface | Flags |
[    8.680305] cloud-init[734]: ci-info: +-------+-------------+---------+-----------+-------+
[    8.682205] cloud-init[734]: ci-info: |   1   |  fe80::/64  |    ::   |   enp0s3  |   U   |
[    8.684238] cloud-init[734]: ci-info: |   3   |    local    |    ::   |   enp0s3  |   U   |
[    8.686104] cloud-init[734]: ci-info: |   4   |   ff00::/8  |    ::   |   enp0s3  |   U   |
[    8.687982] cloud-init[734]: ci-info: +-------+-------------+---------+-----------+-------+
[[0;32m  OK  [0m] Started Initial cloud-init job (metadata service crawler).
[[0;32m  OK  [0m] Reached target System Initialization.
[[0;32m  OK  [0m] Listening on D-Bus System Message Bus Socket.
[[0;32m  OK  [0m] Listening on cloud-init hotplug hook socket.
         Starting LXD - unix socket.
[[0;32m  OK  [0m] Listening on Open-iSCSI iscsid Socket.
[[0;32m  OK  [0m] Started Ubuntu Advantage Timer for running repeated jobs.
[[0;32m  OK  [0m] Started Daily apt download activities.
[[0;32m  OK  [0m] Started Daily apt upgrade and clean activities.
[[0;32m  OK  [0m] Listening on ACPID Listen Socket.
[[0;32m  OK  [0m] Started Trigger anacron every hour.
[[0;32m  OK  [0m] Started ACPI Events Check.
[[0;32m  OK  [0m] Reached target Paths.
[[0;32m  OK  [0m] Started Message of the Day.
         Starting Socket activation for snappy daemon.
[[0;32m  OK  [0m] Listening on UUID daemon activation socket.
         Starting Docker Socket for the API.
[[0;32m  OK  [0m] Started Daily Cleanup of Temporary Directories.
[[0;32m  OK  [0m] Started Discard unused blocks once a week.
[[0;32m  OK  [0m] Reached target Timers.
[[0;32m  OK  [0m] Reached target Cloud-config availability.
[[0;32m  OK  [0m] Listening on LXD - unix socket.
[[0;32m  OK  [0m] Listening on Socket activation for snappy daemon.
[[0;32m  OK  [0m] Listening on Docker Socket for the API.
[[0;32m  OK  [0m] Reached target Sockets.
[[0;32m  OK  [0m] Reached target Basic System.
[[0;32m  OK  [0m] Reached target Login Prompts (Pre).
         Starting Disk Manager...
[[0;32m  OK  [0m] Started Deferred execution scheduler.
[[0;32m  OK  [0m] Started D-Bus System Message Bus.
         Starting WPA supplicant...
         Starting Network Manager...
[[0;32m  OK  [0m] Started Regular background program processing daemon.
         Starting System Logging Service...
         Starting Dispatcher daemon for systemd-networkd...
         Starting Accounts Service...
[[0;32m  OK  [0m] Started irqbalance daemon.
         Starting LSB: Record successful boot for GRUB...
         Starting vboxadd.service...
         Starting Login Service...
         Starting Detect the available GPUs and deal with any system changes...
         Starting Snap Daemon...
[[0;32m  OK  [0m] Started FUSE filesystem for LXC.
         Starting LXD - container startup/shutdown...
[[0;32m  OK  [0m] Started System Logging Service.
[[0;32m  OK  [0m] Started WPA supplicant.
         Starting Authorization Manager...
         Starting Hostname Service...
[[0;32m  OK  [0m] Started Login Service.
[[0;32m  OK  [0m] Started Detect the available GPUs and deal with any system changes.
[[0;32m  OK  [0m] Started Authorization Manager.
[[0;32m  OK  [0m] Started Accounts Service.
[[0;32m  OK  [0m] Started Hostname Service.
[[0;32m  OK  [0m] Started LSB: Record successful boot for GRUB.
[[0;32m  OK  [0m] Started Network Manager.
[[0;32m  OK  [0m] Reached target Network.
         Starting containerd container runtime...
[[0;32m  OK  [0m] Started Unattended Upgrades Shutdown.
         Starting Network Manager Wait Online...
[[0;32m  OK  [0m] Started LXD - container startup/shutdown.
[[0;32m  OK  [0m] Started Disk Manager.
         Starting Network Manager Script Dispatcher Service...
[[0;32m  OK  [0m] Started Network Manager Script Dispatcher Service.
[[0;32m  OK  [0m] Started Network Manager Wait Online.
[[0;32m  OK  [0m] Reached target Network is Online.
         Starting Availability of block devices...
[[0;32m  OK  [0m] Reached target Remote File Systems (Pre).
         Mounting /vagrant...
         Starting Ubuntu FAN network setup...
         Mounting /vagrant-desktop-app...
         Starting OpenBSD Secure Shell server...
[[0;32m  OK  [0m] Started Dispatcher daemon for systemd-networkd.
[[0;32m  OK  [0m] Started Availability of block devices.
[[0;1;31mFAILED[0m] Failed to mount /vagrant.
See 'systemctl status vagrant.mount' for details.
[[0;1;33mDEPEND[0m] Dependency failed for Remote File Systems.
         Starting LSB: automatic crash report generation...
         Starting Permit User Sessions...
[[0;1;31mFAILED[0m] Failed to mount /vagrant-desktop-app.
See 'systemctl status "vagrant\\x2ddesktop\\x2dapp.mount"' for details.
[[0;32m  OK  [0m] Started Permit User Sessions.
         Starting Hold until boot process finishes up...
[[0;32m  OK  [0m] Started Hold until boot process finishes up.
[[0;32m  OK  [0m] Started Serial Getty on ttyS0.
[[0;32m  OK  [0m] Reached target Login Prompts.
         Starting Set console scheme...
[[0;32m  OK  [0m] Started Set console scheme.
[[0;32m  OK  [0m] Created slice system-getty.slice.
[[0;32m  OK  [0m] Started containerd container runtime.
         Starting Docker Application Container Engine...
[[0;32m  OK  [0m] Started OpenBSD Secure Shell server.
[[0;32m  OK  [0m] Started LSB: automatic crash report generation.
[[0;32m  OK  [0m] Started Ubuntu FAN network setup.
[[0;32m  OK  [0m] Started Snap Daemon.
         Starting Wait until snapd is fully seeded...
         Starting Time & Date Service...
[[0;32m  OK  [0m] Started Time & Date Service.
[[0;32m  OK  [0m] Started Wait until snapd is fully seeded.
         Starting Apply the settings specified in cloud-config...
[[0;32m  OK  [0m] Started vboxadd.service.
         Starting vboxadd-service.service...
         Starting GNOME Display Manager...
[[0;32m  OK  [0m] Started GNOME Display Manager.
[[0;32m  OK  [0m] Started vboxadd-service.service.
[   11.596007] cloud-init[1570]: Cloud-init v. 22.4.2-0ubuntu0~18.04.1 running 'modules:config' at Wed, 15 Feb 2023 00:49:08 +0000. Up 11.36 seconds.
[[0;32m  OK  [0m] Started Apply the settings specified in cloud-config.
[[0;32m  OK  [0m] Created slice User Slice of gdm.
         Starting User Manager for UID 114...
[[0;32m  OK  [0m] Started Session c1 of user gdm.
[[0;32m  OK  [0m] Started User Manager for UID 114.
         Starting Daemon for power management...
[[0;32m  OK  [0m] Started Daemon for power management.
[[0;32m  OK  [0m] Started Docker Application Container Engine.
[[0;32m  OK  [0m] Reached target Multi-User System.
[[0;32m  OK  [0m] Reached target Graphical Interface.
         Starting Execute cloud user/final scripts...
         Starting Update UTMP about System Runlevel Changes...
[[0;32m  OK  [0m] Started Update UTMP about System Runlevel Changes.
         Starting Locale Service...
[[0;32m  OK  [0m] Started Locale Service.
[   13.820050] cloud-init[1982]: Cloud-init v. 22.4.2-0ubuntu0~18.04.1 running 'modules:final' at Wed, 15 Feb 2023 00:49:10 +0000. Up 13.66 seconds.
[   13.824868] cloud-init[1982]: Cloud-init v. 22.4.2-0ubuntu0~18.04.1 finished at Wed, 15 Feb 2023 00:49:10 +0000. Datasource DataSourceNoCloud [seed=/dev/sdb][dsmode=net].  Up 13.81 seconds
[[0;32m  OK  [0m] Started Execute cloud user/final scripts.
[[0;32m  OK  [0m] Reached target Cloud-init target.
         Starting Location Lookup Service...
[[0;32m  OK  [0m] Started Location Lookup Service.

Ubuntu 18.04.6 LTS ubuntu-bionic ttyS0

ubuntu-bionic login: 